0 info it worked if it ends with ok
1 verbose cli [ 'C:\\Program Files\\nodejs\\node.exe',
1 verbose cli   'C:\\Program Files\\nodejs\\node_modules\\npm\\bin\\npm-cli.js',
1 verbose cli   'start' ]
2 info using npm@3.10.10
3 info using node@v6.11.5
4 verbose run-script [ 'prestart', 'start', 'poststart' ]
5 info lifecycle virtual-interlining@1.0.0~prestart: virtual-interlining@1.0.0
6 silly lifecycle virtual-interlining@1.0.0~prestart: no script for prestart, continuing
7 info lifecycle virtual-interlining@1.0.0~start: virtual-interlining@1.0.0
8 verbose lifecycle virtual-interlining@1.0.0~start: unsafe-perm in lifecycle true
9 verbose lifecycle virtual-interlining@1.0.0~start: PATH: C:\Users\sg0301761\AppData\Roaming\nvm\v6.11.5\node_modules\npm\bin\node-gyp-bin;C:\Users\sg0301761\projects\DSSRQ\node_modules\.bin;C:\Program Files\Git\mingw64\bin;C:\Program Files\Git\usr\bin;C:\Users\sg0301761\bin;C:\Program Files\Java\jre1.8.0_161\bin;C:\Program Files\Common Files\Microsoft Shared\Microsoft Online Services;C:\Program Files (x86)\Common Files\Microsoft Shared\Microsoft Online Services;C:\windows\system32;C:\windows;C:\windows\System32\Wbem;C:\windows\System32\WindowsPowerShell\v1.0;C:\Program Files\Git\cmd;C:\Program Files (x86)\WebEx\Productivity Tools;C:\Program Files\dotnet;C:\Program Files (x86)\Windows Kits\8.1\Windows Performance Toolkit;C:\ProgramData\chocolatey\bin;C:\Users\sg0301761\AppData\Roaming\nvm;C:\Program Files\nodejs;C:\Program Files (x86)\Yarn\bin;C:\Program Files (x86)\Sennheiser\SoftphoneSDK;C:\Program Files\Microsoft VS Code\bin;C:\Ruby23-x64\bin;C:\Program Files\Microsoft VS Code\bin;C:\Users\sg0301761\AppData\Roaming\nvm;C:\Program Files\nodejs;C:\Users\sg0301761\AppData\Local\Yarn\bin;C:\Users\sg0301761\AppData\Local\atom\bin
10 verbose lifecycle virtual-interlining@1.0.0~start: CWD: C:\Users\sg0301761\projects\DSSRQ
11 silly lifecycle virtual-interlining@1.0.0~start: Args: [ '/d /s /c', 'SET UV_THREADPOOL_SIZE=128 && node app.js' ]
12 silly lifecycle virtual-interlining@1.0.0~start: Returned: code: 1  signal: null
13 info lifecycle virtual-interlining@1.0.0~start: Failed to exec start script
14 verbose stack Error: virtual-interlining@1.0.0 start: `SET UV_THREADPOOL_SIZE=128 && node app.js`
14 verbose stack Exit status 1
14 verbose stack     at EventEmitter.<anonymous> (C:\Users\sg0301761\AppData\Roaming\nvm\v6.11.5\node_modules\npm\lib\utils\lifecycle.js:255:16)
14 verbose stack     at emitTwo (events.js:106:13)
14 verbose stack     at EventEmitter.emit (events.js:191:7)
14 verbose stack     at ChildProcess.<anonymous> (C:\Users\sg0301761\AppData\Roaming\nvm\v6.11.5\node_modules\npm\lib\utils\spawn.js:40:14)
14 verbose stack     at emitTwo (events.js:106:13)
14 verbose stack     at ChildProcess.emit (events.js:191:7)
14 verbose stack     at maybeClose (internal/child_process.js:920:16)
14 verbose stack     at Process.ChildProcess._handle.onexit (internal/child_process.js:230:5)
15 verbose pkgid virtual-interlining@1.0.0
16 verbose cwd C:\Users\sg0301761\projects\DSSRQ
17 error Windows_NT 6.1.7601
18 error argv "C:\\Program Files\\nodejs\\node.exe" "C:\\Program Files\\nodejs\\node_modules\\npm\\bin\\npm-cli.js" "start"
19 error node v6.11.5
20 error npm  v3.10.10
21 error code ELIFECYCLE
22 error virtual-interlining@1.0.0 start: `SET UV_THREADPOOL_SIZE=128 && node app.js`
22 error Exit status 1
23 error Failed at the virtual-interlining@1.0.0 start script 'SET UV_THREADPOOL_SIZE=128 && node app.js'.
23 error Make sure you have the latest version of node.js and npm installed.
23 error If you do, this is most likely a problem with the virtual-interlining package,
23 error not with npm itself.
23 error Tell the author that this fails on your system:
23 error     SET UV_THREADPOOL_SIZE=128 && node app.js
23 error You can get information on how to open an issue for this project with:
23 error     npm bugs virtual-interlining
23 error Or if that isn't available, you can get their info via:
23 error     npm owner ls virtual-interlining
23 error There is likely additional logging output above.
24 verbose exit [ 1, true ]
